<?xml version="1.0" encoding="UTF-8"?>
<!-- Generated by org.testng.reporters.JUnitReportReporter -->
<testsuite skipped="0" hostname="ADAPALEELA-PC" name="tests.Way2smstestng" tests="24" failures="1" timestamp="02 Feb 2019 14:43:47 GMT" time="179.709" errors="0">
  <testcase name="launch" time="9.548" classname="tests.Way2smstestng"/>
  <testcase name="launch" time="9.336" classname="tests.Way2smstestng"/>
  <testcase name="launch" time="9.330" classname="tests.Way2smstestng"/>
  <testcase name="launch" time="73.354" classname="tests.Way2smstestng"/>
  <testcase name="launch" time="7.998" classname="tests.Way2smstestng"/>
  <testcase name="launch" time="8.675" classname="tests.Way2smstestng"/>
  <testcase name="login" time="6.173" classname="tests.Way2smstestng"/>
  <testcase name="login" time="6.141" classname="tests.Way2smstestng"/>
  <testcase name="login" time="6.748" classname="tests.Way2smstestng"/>
  <testcase name="login" time="6.363" classname="tests.Way2smstestng"/>
  <testcase name="login" time="9.632" classname="tests.Way2smstestng"/>
  <testcase name="login" time="6.533" classname="tests.Way2smstestng"/>
  <testcase name="validateLogin" time="8.793" classname="tests.Way2smstestng">
    <failure type="java.lang.AssertionError" message="expected [true] but found [false]">
      <![CDATA[java.lang.AssertionError: expected [true] but found [false]
at org.testng.Assert.fail(Assert.java:96)
at org.testng.Assert.failNotEquals(Assert.java:776)
at org.testng.Assert.assertTrue(Assert.java:44)
at org.testng.Assert.assertTrue(Assert.java:54)
at tests.Way2smstestng.validateLogin(Way2smstestng.java:103)
at sun.reflect.NativeMethodAccessorImpl.invoke0(Native Method)
at sun.reflect.NativeMethodAccessorImpl.invoke(Unknown Source)
at sun.reflect.DelegatingMethodAccessorImpl.invoke(Unknown Source)
at java.lang.reflect.Method.invoke(Unknown Source)
at org.testng.internal.MethodInvocationHelper.invokeMethod(MethodInvocationHelper.java:124)
at org.testng.internal.Invoker.invokeMethod(Invoker.java:580)
at org.testng.internal.Invoker.invokeTestMethod(Invoker.java:716)
at org.testng.internal.Invoker.invokeTestMethods(Invoker.java:988)
at org.testng.internal.TestMethodWorker.invokeTestMethods(TestMethodWorker.java:125)
at org.testng.internal.TestMethodWorker.run(TestMethodWorker.java:109)
at org.testng.TestRunner.privateRun(TestRunner.java:648)
at org.testng.TestRunner.run(TestRunner.java:505)
at org.testng.SuiteRunner.runTest(SuiteRunner.java:455)
at org.testng.SuiteRunner.runSequentially(SuiteRunner.java:450)
at org.testng.SuiteRunner.privateRun(SuiteRunner.java:415)
at org.testng.SuiteRunner.run(SuiteRunner.java:364)
at org.testng.SuiteRunnerWorker.runSuite(SuiteRunnerWorker.java:52)
at org.testng.SuiteRunnerWorker.run(SuiteRunnerWorker.java:84)
at org.testng.TestNG.runSuitesSequentially(TestNG.java:1208)
at org.testng.TestNG.runSuitesLocally(TestNG.java:1137)
at org.testng.TestNG.runSuites(TestNG.java:1049)
at org.testng.TestNG.run(TestNG.java:1017)
at org.testng.remote.AbstractRemoteTestNG.run(AbstractRemoteTestNG.java:114)
at org.testng.remote.RemoteTestNG.initAndRun(RemoteTestNG.java:251)
at org.testng.remote.RemoteTestNG.main(RemoteTestNG.java:77)
]]>
    </failure>
  </testcase> <!-- validateLogin -->
  <testcase name="validateLogin" time="0.247" classname="tests.Way2smstestng"/>
  <testcase name="validateLogin" time="0.159" classname="tests.Way2smstestng"/>
  <testcase name="validateLogin" time="0.223" classname="tests.Way2smstestng"/>
  <testcase name="validateLogin" time="0.120" classname="tests.Way2smstestng"/>
  <testcase name="validateLogin" time="0.114" classname="tests.Way2smstestng"/>
  <testcase name="closeSite" time="2.288" classname="tests.Way2smstestng"/>
  <testcase name="closeSite" time="2.218" classname="tests.Way2smstestng"/>
  <testcase name="closeSite" time="2.245" classname="tests.Way2smstestng"/>
  <testcase name="closeSite" time="0.332" classname="tests.Way2smstestng"/>
  <testcase name="closeSite" time="2.437" classname="tests.Way2smstestng"/>
  <testcase name="closeSite" time="0.702" classname="tests.Way2smstestng"/>
</testsuite> <!-- tests.Way2smstestng -->
